---
misaligned_superpage08:
  config:
  - check ISA:=regex(.*64.*); check ISA:=regex(.*I.*Zicsr.*); def rvtest_mtrap_routine=True;
    def rvtest_strap_routine=True;
  csr_comb:
    (mstatus & 0x1800)  == 0x0000: 45
    (satp >> 60 )       == 0x8: 30
    coverage: 2/2
  mnemonics:
    csrrs: 54
    csrrw: 45
    sd: 134
    coverage: 3/3
  val_comb:
    (((rs1_val >> 12 ) == 0x80000000007) and ((rs2_val & 0x0FF) == 0x0D7) and (((rs2_val &  0xFFFFC0) != 0x0))): 1
    (((rs1_val >> 12 ) == 0x80000000007) and (rs2_val  == 0x00200000000000D7) and (((rs2_val &  0xFFFFC0) != 0x0))): 1
    (rs2_val == 0xC): 9
    coverage: 3/3
  total_coverage: 8/8
