---
pmp_pa01:
  config:
  - check ISA:=regex(.*64.*); check ISA:=regex(.*I.*Zicsr.*); def rvtest_mtrap_routine=True;
    def rvtest_strap_routine=True;
  csr_comb:
    (mstatus & 0x1800)  == 0x0800 and ( rs1 == 'x9' ) and (rd == 'x0'): 1
    (satp >> 60 == 0x8) and (rs1 == 'x31') and (rd == 'x0'): 1
    coverage: 2/2
  mnemonics:
    csrrs: 30
    csrrw: 34
    ld: 97
    sd: 76
    coverage: 4/4
  val_comb:
    (((rs1_val >> 12 ) == 0x80000000005) and ((rs2_val & 0xFFF) == 0x0C7)): 1
    (rs1_val == 0x0900001688 ) and ((pmpcfg0 & 0xFF00) >> 8 == 0x08): 2
    (rs2_val == 0x1): 1
    (rs2_val == 0x5): 1
    (rs2_val == 0x7): 1
    coverage: 5/5
  total_coverage: 11/11
