---
sum_set05:
  config:
  - check ISA:=regex(.*64.*); check ISA:=regex(.*I.*Zicsr.*); def rvtest_mtrap_routine=True;
    def rvtest_strap_routine=True;
  csr_comb:
    (mstatus & 0x1800)  == 0x0800 and ( rs1 == 'x9' ) and (rd == 'x0'): 1
    (mstatus & 0x40000) == 0x40000: 36
    (satp >> 60 == 0x8) and (rs1 == 'x31') and (rd == 'x0'): 1
    coverage: 3/3
  mnemonics:
    csrrs: 56
    csrrw: 45
    sd: 130
    coverage: 3/3
  val_comb:
    (((rs1_val >> 12 ) == 0x80000000004) and ((rs2_val & 0xFFF) == 0x0D7)): 1
    (rs2_val == 0xC): 9
    coverage: 2/2
  total_coverage: 8/8
