---
mxr_set06:
  config:
  - check ISA:=regex(.*64.*); check ISA:=regex(.*I.*Zicsr.*); def rvtest_mtrap_routine=True;
    def rvtest_strap_routine=True;
  csr_comb:
    (mstatus & 0x1800)  == 0x0000 and ( rs1 == 'x9' ) and (rd == 'x0'): 1
    (mstatus & 0x80000) == 0x80000: 13
    (satp >> 60 == 0x8) and (rs1 == 'x31') and (rd == 'x0'): 1
    coverage: 3/3
  mnemonics:
    csrrc: 1
    csrrs: 15
    csrrw: 22
    sd: 43
    coverage: 4/4
  val_comb:
    (((rs1_val >> 12 ) == 0x80000000006) and ((rs2_val & 0xFFF) == 0x0D9)) if rs2_val is not None else None: 2
    (rs2_val != 0xC): 81
    (rs2_val != 0xD): 81
    (rs2_val != 0xF): 81
    coverage: 4/4
  total_coverage: 11/11
